<html>
<head>
<title>TestNG:  Regression</title>
<link href="../testng.css" rel="stylesheet" type="text/css" />
<link href="../my-testng.css" rel="stylesheet" type="text/css" />

<style type="text/css">
.log { display: none;} 
.stack-trace { display: none;} 
</style>
<script type="text/javascript">
<!--
function flip(e) {
  current = e.style.display;
  if (current == 'block') {
    e.style.display = 'none';
    return 0;
  }
  else {
    e.style.display = 'block';
    return 1;
  }
}

function toggleBox(szDivId, elem, msg1, msg2)
{
  var res = -1;  if (document.getElementById) {
    res = flip(document.getElementById(szDivId));
  }
  else if (document.all) {
    // this is the way old msie versions work
    res = flip(document.all[szDivId]);
  }
  if(elem) {
    if(res == 0) elem.innerHTML = msg1; else elem.innerHTML = msg2;
  }

}

function toggleAllBoxes() {
  if (document.getElementsByTagName) {
    d = document.getElementsByTagName('div');
    for (i = 0; i < d.length; i++) {
      if (d[i].className == 'log') {
        flip(d[i]);
      }
    }
  }
}

// -->
</script>

</head>
<body>
<h2 align='center'>Regression</h2><table border='1' align="center">
<tr>
<td>Tests passed/Failed/Skipped:</td><td>12/1/0</td>
</tr><tr>
<td>Started on:</td><td>Tue Mar 14 19:50:01 IST 2023</td>
</tr>
<tr><td>Total time:</td><td>149 seconds (149077 ms)</td>
</tr><tr>
<td>Included groups:</td><td></td>
</tr><tr>
<td>Excluded groups:</td><td></td>
</tr>
</table><p/>
<small><i>(Hover the method name to see the test class name)</i></small><p/>
<table width='100%' border='1' class='invocation-failed'>
<tr><td colspan='4' align='center'><b>FAILED TESTS</b></td></tr>
<tr><td><b>Test method</b></td>
<td><b>Attribute(s)</b></td>
<td width="30%"><b>Exception</b></td>
<td width="10%"><b>Time (seconds)</b></td>
<td><b>Instance</b></td>
</tr>
<tr>
<td title='com.ice_hrm_automation.TestingExamples.LoginTest.addEmp()'><b>addEmp</b><br>Test class: com.ice_hrm_automation.TestingExamples.LoginTest</td>
<td><div><pre>org.openqa.selenium.NoSuchElementException: no such element: Unable to locate element: {&quot;method&quot;:&quot;xpath&quot;,&quot;selector&quot;:&quot;//input[@id=&apos;rc_select_0&apos;]&quot;}
  (Session info: MicrosoftEdge=110.0.1587.69)
For documentation on this error, please visit: https://selenium.dev/exceptions/#no_such_element
Build info: version: &apos;4.8.0&apos;, revision: &apos;267030adea&apos;
System info: os.name: &apos;Windows 11&apos;, os.arch: &apos;amd64&apos;, os.version: &apos;10.0&apos;, java.version: &apos;17.0.5&apos;
Driver info: org.openqa.selenium.edge.EdgeDriver
Command: [c41ceb09d28f02c6f1c94f71e24985e7, findElement {using=xpath, value=//input[@id=&apos;rc_select_0&apos;]}]
Capabilities {acceptInsecureCerts: false, browserName: msedge, browserVersion: 110.0.1587.69, ms:edgeOptions: {debuggerAddress: localhost:58697}, msedge: {msedgedriverVersion: 110.0.1587.41 (dec2c0803210..., userDataDir: C:\Users\AKSHAY\AppData\Loc...}, networkConnectionEnabled: false, pageLoadStrategy: normal, platformName: WINDOWS, proxy: Proxy(), se:cdp: ws://localhost:58697/devtoo..., se:cdpVersion: 110.0.1587.69, setWindowRect: true, strictFileInteractability: false, timeouts: {implicit: 0, pageLoad: 300000, script: 30000}, unhandledPromptBehavior: dismiss and notify, webauthn:extension:credBlob: true, webauthn:extension:largeBlob: true, webauthn:virtualAuthenticators: true}
Session ID: c41ceb09d28f02c6f1c94f71e24985e7
	at org.openqa.selenium.remote.codec.w3c.W3CHttpResponseCodec.createException(W3CHttpResponseCodec.java:200)
	at org.openqa.selenium.remote.codec.w3c.W3CHttpResponseCodec.decode(W3CHttpResponseCodec.java:133)
	at org.openqa.selenium.remote.codec.w3c.W3CHttpResponseCodec.decode(W3CHttpResponseCodec.java:53)
	at org.openqa.selenium.remote.HttpCommandExecutor.execute(HttpCommandExecutor.java:184)
	at org.openqa.selenium.remote.service.DriverCommandExecutor.invokeExecute(DriverCommandExecutor.java:167)
	at org.openqa.selenium.remote.service.DriverCommandExecutor.execute(DriverCommandExecutor.java:142)
	at org.openqa.selenium.remote.RemoteWebDriver.execute(RemoteWebDriver.java:543)
	at org.openqa.selenium.remote.ElementLocation$ElementFinder$2.findElement(ElementLocation.java:162)
	at org.openqa.selenium.remote.ElementLocation.findElement(ElementLocation.java:60)
	at org.openqa.selenium.remote.RemoteWebDriver.findElement(RemoteWebDriver.java:352)
	at org.openqa.selenium.remote.RemoteWebDriver.findElement(RemoteWebDriver.java:344)
	at com.ice_hrm_automation.TestingExamples.LoginTest.addEmp(LoginTest.java:66)
	at java.base/java.util.concurrent.ThreadPoolExecutor.runWorker(ThreadPoolExecutor.java:1136)
	at java.base/java.util.concurrent.ThreadPoolExecutor$Worker.run(ThreadPoolExecutor.java:635)
	at java.base/java.lang.Thread.run(Thread.java:833)
... Removed 16 stack frames</pre></div><a href='#' onClick='toggleBox("stack-trace1356891371", this, "Click to show all stack frames", "Click to hide stack frames")'>Click to show all stack frames</a>
<div class='stack-trace' id='stack-trace1356891371'><pre>org.openqa.selenium.NoSuchElementException: no such element: Unable to locate element: {&quot;method&quot;:&quot;xpath&quot;,&quot;selector&quot;:&quot;//input[@id=&apos;rc_select_0&apos;]&quot;}
  (Session info: MicrosoftEdge=110.0.1587.69)
For documentation on this error, please visit: https://selenium.dev/exceptions/#no_such_element
Build info: version: &apos;4.8.0&apos;, revision: &apos;267030adea&apos;
System info: os.name: &apos;Windows 11&apos;, os.arch: &apos;amd64&apos;, os.version: &apos;10.0&apos;, java.version: &apos;17.0.5&apos;
Driver info: org.openqa.selenium.edge.EdgeDriver
Command: [c41ceb09d28f02c6f1c94f71e24985e7, findElement {using=xpath, value=//input[@id=&apos;rc_select_0&apos;]}]
Capabilities {acceptInsecureCerts: false, browserName: msedge, browserVersion: 110.0.1587.69, ms:edgeOptions: {debuggerAddress: localhost:58697}, msedge: {msedgedriverVersion: 110.0.1587.41 (dec2c0803210..., userDataDir: C:\Users\AKSHAY\AppData\Loc...}, networkConnectionEnabled: false, pageLoadStrategy: normal, platformName: WINDOWS, proxy: Proxy(), se:cdp: ws://localhost:58697/devtoo..., se:cdpVersion: 110.0.1587.69, setWindowRect: true, strictFileInteractability: false, timeouts: {implicit: 0, pageLoad: 300000, script: 30000}, unhandledPromptBehavior: dismiss and notify, webauthn:extension:credBlob: true, webauthn:extension:largeBlob: true, webauthn:virtualAuthenticators: true}
Session ID: c41ceb09d28f02c6f1c94f71e24985e7
	at jdk.internal.reflect.GeneratedConstructorAccessor17.newInstance(Unknown Source)
	at java.base/jdk.internal.reflect.DelegatingConstructorAccessorImpl.newInstance(DelegatingConstructorAccessorImpl.java:45)
	at java.base/java.lang.reflect.Constructor.newInstanceWithCaller(Constructor.java:499)
	at java.base/java.lang.reflect.Constructor.newInstance(Constructor.java:480)
	at org.openqa.selenium.remote.codec.w3c.W3CHttpResponseCodec.createException(W3CHttpResponseCodec.java:200)
	at org.openqa.selenium.remote.codec.w3c.W3CHttpResponseCodec.decode(W3CHttpResponseCodec.java:133)
	at org.openqa.selenium.remote.codec.w3c.W3CHttpResponseCodec.decode(W3CHttpResponseCodec.java:53)
	at org.openqa.selenium.remote.HttpCommandExecutor.execute(HttpCommandExecutor.java:184)
	at org.openqa.selenium.remote.service.DriverCommandExecutor.invokeExecute(DriverCommandExecutor.java:167)
	at org.openqa.selenium.remote.service.DriverCommandExecutor.execute(DriverCommandExecutor.java:142)
	at org.openqa.selenium.remote.RemoteWebDriver.execute(RemoteWebDriver.java:543)
	at org.openqa.selenium.remote.ElementLocation$ElementFinder$2.findElement(ElementLocation.java:162)
	at org.openqa.selenium.remote.ElementLocation.findElement(ElementLocation.java:60)
	at org.openqa.selenium.remote.RemoteWebDriver.findElement(RemoteWebDriver.java:352)
	at org.openqa.selenium.remote.RemoteWebDriver.findElement(RemoteWebDriver.java:344)
	at com.ice_hrm_automation.TestingExamples.LoginTest.addEmp(LoginTest.java:66)
	at java.base/jdk.internal.reflect.NativeMethodAccessorImpl.invoke0(Native Method)
	at java.base/jdk.internal.reflect.NativeMethodAccessorImpl.invoke(NativeMethodAccessorImpl.java:77)
	at java.base/jdk.internal.reflect.DelegatingMethodAccessorImpl.invoke(DelegatingMethodAccessorImpl.java:43)
	at java.base/java.lang.reflect.Method.invoke(Method.java:568)
	at org.testng.internal.invokers.MethodInvocationHelper.invokeMethod(MethodInvocationHelper.java:139)
	at org.testng.internal.invokers.TestInvoker.invokeMethod(TestInvoker.java:677)
	at org.testng.internal.invokers.TestInvoker.invokeTestMethod(TestInvoker.java:221)
	at org.testng.internal.invokers.MethodRunner.runInSequence(MethodRunner.java:50)
	at org.testng.internal.invokers.TestInvoker$MethodInvocationAgent.invoke(TestInvoker.java:969)
	at org.testng.internal.invokers.TestInvoker.invokeTestMethods(TestInvoker.java:194)
	at org.testng.internal.invokers.TestMethodWorker.invokeTestMethods(TestMethodWorker.java:148)
	at org.testng.internal.invokers.TestMethodWorker.run(TestMethodWorker.java:128)
	at java.base/java.util.concurrent.ThreadPoolExecutor.runWorker(ThreadPoolExecutor.java:1136)
	at java.base/java.util.concurrent.ThreadPoolExecutor$Worker.run(ThreadPoolExecutor.java:635)
	at java.base/java.lang.Thread.run(Thread.java:833)
</pre></div></td>
<td>52</td>
<td>com.ice_hrm_automation.TestingExamples.LoginTest@7c37508a</td></tr>
</table><p>
<table width='100%' border='1' class='invocation-passed'>
<tr><td colspan='4' align='center'><b>PASSED TESTS</b></td></tr>
<tr><td><b>Test method</b></td>
<td><b>Attribute(s)</b></td>
<td width="30%"><b>Exception</b></td>
<td width="10%"><b>Time (seconds)</b></td>
<td><b>Instance</b></td>
</tr>
<tr>
<td title='com.ice_hrm_automation.TestingExamples.TestIceHrmApplication.login()'><b>login</b><br>Test class: com.ice_hrm_automation.TestingExamples.TestIceHrmApplication</td>
<td></td>
<td>0</td>
<td>com.ice_hrm_automation.TestingExamples.TestIceHrmApplication@17fc391b</td></tr>
<tr>
<td title='com.ice_hrm_automation.TestingExamples.NewTest.substraction()'><b>substraction</b><br>Test class: com.ice_hrm_automation.TestingExamples.NewTest</td>
<td></td>
<td>0</td>
<td>com.ice_hrm_automation.TestingExamples.NewTest@4082ba93</td></tr>
<tr>
<td title='com.ice_hrm_automation.TestingExamples.IceHrmTest.verfyLoginWirhValidCredential()'><b>verfyLoginWirhValidCredential</b><br>Test class: com.ice_hrm_automation.TestingExamples.IceHrmTest</td>
<td></td>
<td>16</td>
<td>com.ice_hrm_automation.TestingExamples.IceHrmTest@6be968ce</td></tr>
<tr>
<td title='com.ice_hrm_automation.TestingExamples.IceHrmTest.verifyLoginWithInvalidUsername()'><b>verifyLoginWithInvalidUsername</b><br>Test class: com.ice_hrm_automation.TestingExamples.IceHrmTest</td>
<td></td>
<td>1</td>
<td>com.ice_hrm_automation.TestingExamples.IceHrmTest@6be968ce</td></tr>
<tr>
<td title='com.ice_hrm_automation.TestingExamples.NewTest.multiplication()'><b>multiplication</b><br>Test class: com.ice_hrm_automation.TestingExamples.NewTest</td>
<td></td>
<td>0</td>
<td>com.ice_hrm_automation.TestingExamples.NewTest@4082ba93</td></tr>
<tr>
<td title='com.ice_hrm_automation.TestingExamples.AddEmpOrangeHrm.test()'><b>test</b><br>Test class: com.ice_hrm_automation.TestingExamples.AddEmpOrangeHrm</td>
<td></td>
<td>5</td>
<td>com.ice_hrm_automation.TestingExamples.AddEmpOrangeHrm@3e08ff24</td></tr>
<tr>
<td title='com.ice_hrm_automation.TestingExamples.IceHrmTest.verifySocialMediaLnklinkdn()'><b>verifySocialMediaLnklinkdn</b><br>Test class: com.ice_hrm_automation.TestingExamples.IceHrmTest</td>
<td></td>
<td>0</td>
<td>com.ice_hrm_automation.TestingExamples.IceHrmTest@6be968ce</td></tr>
<tr>
<td title='com.ice_hrm_automation.TestingExamples.NewTest.addition()'><b>addition</b><br>Test class: com.ice_hrm_automation.TestingExamples.NewTest</td>
<td></td>
<td>0</td>
<td>com.ice_hrm_automation.TestingExamples.NewTest@4082ba93</td></tr>
<tr>
<td title='com.ice_hrm_automation.TestingExamples.IceHrmTest.verifyLoginwihtwithoutusernemeandpass()'><b>verifyLoginwihtwithoutusernemeandpass</b><br>Test class: com.ice_hrm_automation.TestingExamples.IceHrmTest</td>
<td></td>
<td>0</td>
<td>com.ice_hrm_automation.TestingExamples.IceHrmTest@6be968ce</td></tr>
<tr>
<td title='com.ice_hrm_automation.TestingExamples.IceHrmTest.verifyLoginWithInvalidpassword()'><b>verifyLoginWithInvalidpassword</b><br>Test class: com.ice_hrm_automation.TestingExamples.IceHrmTest</td>
<td></td>
<td>1</td>
<td>com.ice_hrm_automation.TestingExamples.IceHrmTest@6be968ce</td></tr>
<tr>
<td title='com.ice_hrm_automation.TestingExamples.NewTest.division()'><b>division</b><br>Test class: com.ice_hrm_automation.TestingExamples.NewTest</td>
<td></td>
<td>0</td>
<td>com.ice_hrm_automation.TestingExamples.NewTest@4082ba93</td></tr>
<tr>
<td title='com.ice_hrm_automation.TestingExamples.IceHrmTest.verifyLoginwihtbothInvalidusenameandpass()'><b>verifyLoginwihtbothInvalidusenameandpass</b><br>Test class: com.ice_hrm_automation.TestingExamples.IceHrmTest</td>
<td></td>
<td>1</td>
<td>com.ice_hrm_automation.TestingExamples.IceHrmTest@6be968ce</td></tr>
</table><p>
</body>
</html>