<?xml version="1.0" encoding="UTF-8"?>
<!-- Generated by org.testng.reporters.JUnitXMLReporter -->
<testsuite ignored="0" hostname="LAPTOP-2TRHI9P1" failures="1" tests="13" name="Regression" time="149.077" errors="0" timestamp="2023-03-14T19:52:30 IST">
  <testcase classname="com.ice_hrm_automation.TestingExamples.TestIceHrmApplication" name="login" time="0.007"/>
  <testcase classname="com.ice_hrm_automation.TestingExamples.NewTest" name="addition" time="0.004"/>
  <testcase classname="com.ice_hrm_automation.TestingExamples.NewTest" name="division" time="0.001"/>
  <testcase classname="com.ice_hrm_automation.TestingExamples.NewTest" name="multiplication" time="0.001"/>
  <testcase classname="com.ice_hrm_automation.TestingExamples.NewTest" name="substraction" time="0.001"/>
  <testcase classname="com.ice_hrm_automation.TestingExamples.IceHrmTest" name="verfyLoginWirhValidCredential" time="16.029"/>
  <testcase classname="com.ice_hrm_automation.TestingExamples.AddEmpOrangeHrm" name="test" time="5.043"/>
  <testcase classname="com.ice_hrm_automation.TestingExamples.IceHrmTest" name="verifyLoginWithInvalidUsername" time="1.813"/>
  <testcase classname="com.ice_hrm_automation.TestingExamples.IceHrmTest" name="verifyLoginWithInvalidpassword" time="1.617"/>
  <testcase classname="com.ice_hrm_automation.TestingExamples.IceHrmTest" name="verifyLoginwihtbothInvalidusenameandpass" time="1.662"/>
  <testcase classname="com.ice_hrm_automation.TestingExamples.IceHrmTest" name="verifyLoginwihtwithoutusernemeandpass" time="0.157"/>
  <testcase classname="com.ice_hrm_automation.TestingExamples.IceHrmTest" name="verifySocialMediaLnklinkdn" time="0.101"/>
  <testcase classname="com.ice_hrm_automation.TestingExamples.LoginTest" name="addEmp" time="52.084">
    <failure type="org.openqa.selenium.NoSuchElementException" message="no such element: Unable to locate element: {&amp;quot;method&amp;quot;:&amp;quot;xpath&amp;quot;,&amp;quot;selector&amp;quot;:&amp;quot;//input[@id=&amp;apos;rc_select_0&amp;apos;]&amp;quot;}
  (Session info: MicrosoftEdge=110.0.1587.69)
For documentation on this error, please visit: https://selenium.dev/exceptions/#no_such_element
Build info: version: &amp;apos;4.8.0&amp;apos;, revision: &amp;apos;267030adea&amp;apos;
System info: os.name: &amp;apos;Windows 11&amp;apos;, os.arch: &amp;apos;amd64&amp;apos;, os.version: &amp;apos;10.0&amp;apos;, java.version: &amp;apos;17.0.5&amp;apos;
Driver info: org.openqa.selenium.edge.EdgeDriver
Command: [c41ceb09d28f02c6f1c94f71e24985e7, findElement {using=xpath, value=//input[@id=&amp;apos;rc_select_0&amp;apos;]}]
Capabilities {acceptInsecureCerts: false, browserName: msedge, browserVersion: 110.0.1587.69, ms:edgeOptions: {debuggerAddress: localhost:58697}, msedge: {msedgedriverVersion: 110.0.1587.41 (dec2c0803210..., userDataDir: C:\Users\AKSHAY\AppData\Loc...}, networkConnectionEnabled: false, pageLoadStrategy: normal, platformName: WINDOWS, proxy: Proxy(), se:cdp: ws://localhost:58697/devtoo..., se:cdpVersion: 110.0.1587.69, setWindowRect: true, strictFileInteractability: false, timeouts: {implicit: 0, pageLoad: 300000, script: 30000}, unhandledPromptBehavior: dismiss and notify, webauthn:extension:credBlob: true, webauthn:extension:largeBlob: true, webauthn:virtualAuthenticators: true}
Session ID: c41ceb09d28f02c6f1c94f71e24985e7">
      <![CDATA[org.openqa.selenium.NoSuchElementException: no such element: Unable to locate element: {"method":"xpath","selector":"//input[@id='rc_select_0']"}
  (Session info: MicrosoftEdge=110.0.1587.69)
For documentation on this error, please visit: https://selenium.dev/exceptions/#no_such_element
Build info: version: '4.8.0', revision: '267030adea'
System info: os.name: 'Windows 11', os.arch: 'amd64', os.version: '10.0', java.version: '17.0.5'
Driver info: org.openqa.selenium.edge.EdgeDriver
Command: [c41ceb09d28f02c6f1c94f71e24985e7, findElement {using=xpath, value=//input[@id='rc_select_0']}]
Capabilities {acceptInsecureCerts: false, browserName: msedge, browserVersion: 110.0.1587.69, ms:edgeOptions: {debuggerAddress: localhost:58697}, msedge: {msedgedriverVersion: 110.0.1587.41 (dec2c0803210..., userDataDir: C:\Users\AKSHAY\AppData\Loc...}, networkConnectionEnabled: false, pageLoadStrategy: normal, platformName: WINDOWS, proxy: Proxy(), se:cdp: ws://localhost:58697/devtoo..., se:cdpVersion: 110.0.1587.69, setWindowRect: true, strictFileInteractability: false, timeouts: {implicit: 0, pageLoad: 300000, script: 30000}, unhandledPromptBehavior: dismiss and notify, webauthn:extension:credBlob: true, webauthn:extension:largeBlob: true, webauthn:virtualAuthenticators: true}
Session ID: c41ceb09d28f02c6f1c94f71e24985e7
at org.openqa.selenium.remote.codec.w3c.W3CHttpResponseCodec.createException(W3CHttpResponseCodec.java:200)
at org.openqa.selenium.remote.codec.w3c.W3CHttpResponseCodec.decode(W3CHttpResponseCodec.java:133)
at org.openqa.selenium.remote.codec.w3c.W3CHttpResponseCodec.decode(W3CHttpResponseCodec.java:53)
at org.openqa.selenium.remote.HttpCommandExecutor.execute(HttpCommandExecutor.java:184)
at org.openqa.selenium.remote.service.DriverCommandExecutor.invokeExecute(DriverCommandExecutor.java:167)
at org.openqa.selenium.remote.service.DriverCommandExecutor.execute(DriverCommandExecutor.java:142)
at org.openqa.selenium.remote.RemoteWebDriver.execute(RemoteWebDriver.java:543)
at org.openqa.selenium.remote.ElementLocation$ElementFinder$2.findElement(ElementLocation.java:162)
at org.openqa.selenium.remote.ElementLocation.findElement(ElementLocation.java:60)
at org.openqa.selenium.remote.RemoteWebDriver.findElement(RemoteWebDriver.java:352)
at org.openqa.selenium.remote.RemoteWebDriver.findElement(RemoteWebDriver.java:344)
at com.ice_hrm_automation.TestingExamples.LoginTest.addEmp(LoginTest.java:66)
at java.base/java.util.concurrent.ThreadPoolExecutor.runWorker(ThreadPoolExecutor.java:1136)
at java.base/java.util.concurrent.ThreadPoolExecutor$Worker.run(ThreadPoolExecutor.java:635)
at java.base/java.lang.Thread.run(Thread.java:833)
... Removed 16 stack frames]]>
    </failure>
  </testcase> <!-- addEmp -->
</testsuite> <!-- Regression -->
