<?xml version="1.0" encoding="UTF-8"?>
<!-- Generated by org.testng.reporters.JUnitXMLReporter -->
<testsuite ignored="0" hostname="LAPTOP-2TRHI9P1" failures="0" tests="1" name="Flipkart" time="0.068" errors="0" timestamp="2023-03-16T20:36:57 IST">
  <testcase classname="TestNgAnnotations.annotations" name="@BeforeClass beforeclass" time="0.019">
    <failure type="java.lang.IllegalArgumentException" message="wrong number of arguments">
      <![CDATA[java.lang.IllegalArgumentException: wrong number of arguments
at java.base/java.util.ArrayList.forEach(ArrayList.java:1511)
at java.base/java.util.concurrent.FutureTask.run(FutureTask.java:264)
at java.base/java.util.concurrent.ThreadPoolExecutor.runWorker(ThreadPoolExecutor.java:1136)
at java.base/java.util.concurrent.ThreadPoolExecutor$Worker.run(ThreadPoolExecutor.java:635)
at java.base/java.lang.Thread.run(Thread.java:833)
... Removed 15 stack frames]]>
    </failure>
  </testcase> <!-- @BeforeClass beforeclass -->
  <testcase classname="TestNgAnnotations.annotations" name="annotationtest1" time="0.0">
    <skipped/>
  </testcase> <!-- annotationtest1 -->
</testsuite> <!-- Flipkart -->
